{"C:\\GIT\\ai-bootcamp\\capstone\\src\\lib\\fusion.ts": {"path":"C:\\GIT\\ai-bootcamp\\capstone\\src\\lib\\fusion.ts","statementMap":{"0":{"start":{"line":9,"column":2},"end":{"line":16,"column":null}},"1":{"start":{"line":20,"column":2},"end":{"line":20,"column":null}},"2":{"start":{"line":20,"column":41},"end":{"line":20,"column":null}},"3":{"start":{"line":21,"column":18},"end":{"line":21,"column":null}},"4":{"start":{"line":22,"column":18},"end":{"line":22,"column":null}},"5":{"start":{"line":23,"column":2},"end":{"line":23,"column":null}},"6":{"start":{"line":23,"column":32},"end":{"line":23,"column":48}},"7":{"start":{"line":32,"column":16},"end":{"line":32,"column":null}},"8":{"start":{"line":32,"column":50},"end":{"line":32,"column":58}},"9":{"start":{"line":34,"column":13},"end":{"line":34,"column":null}},"10":{"start":{"line":35,"column":20},"end":{"line":35,"column":null}},"11":{"start":{"line":37,"column":2},"end":{"line":59,"column":null}},"12":{"start":{"line":38,"column":20},"end":{"line":38,"column":null}},"13":{"start":{"line":40,"column":22},"end":{"line":42,"column":null}},"14":{"start":{"line":43,"column":4},"end":{"line":46,"column":null}},"15":{"start":{"line":44,"column":6},"end":{"line":44,"column":null}},"16":{"start":{"line":45,"column":6},"end":{"line":45,"column":null}},"17":{"start":{"line":48,"column":22},"end":{"line":50,"column":null}},"18":{"start":{"line":51,"column":4},"end":{"line":54,"column":null}},"19":{"start":{"line":52,"column":6},"end":{"line":52,"column":null}},"20":{"start":{"line":53,"column":6},"end":{"line":53,"column":null}},"21":{"start":{"line":56,"column":4},"end":{"line":58,"column":null}},"22":{"start":{"line":57,"column":6},"end":{"line":57,"column":null}},"23":{"start":{"line":62,"column":2},"end":{"line":66,"column":null}},"24":{"start":{"line":63,"column":18},"end":{"line":63,"column":null}},"25":{"start":{"line":64,"column":18},"end":{"line":64,"column":null}},"26":{"start":{"line":65,"column":4},"end":{"line":65,"column":null}},"27":{"start":{"line":68,"column":2},"end":{"line":70,"column":null}},"28":{"start":{"line":69,"column":4},"end":{"line":69,"column":null}},"29":{"start":{"line":72,"column":2},"end":{"line":72,"column":null}},"30":{"start":{"line":76,"column":2},"end":{"line":76,"column":null}},"31":{"start":{"line":81,"column":8},"end":{"line":81,"column":null}},"32":{"start":{"line":82,"column":17},"end":{"line":82,"column":null}},"33":{"start":{"line":83,"column":2},"end":{"line":91,"column":null}},"34":{"start":{"line":84,"column":15},"end":{"line":84,"column":null}},"35":{"start":{"line":85,"column":13},"end":{"line":85,"column":null}},"36":{"start":{"line":86,"column":4},"end":{"line":86,"column":null}},"37":{"start":{"line":86,"column":19},"end":{"line":86,"column":null}},"38":{"start":{"line":87,"column":4},"end":{"line":89,"column":null}},"39":{"start":{"line":88,"column":6},"end":{"line":88,"column":null}},"40":{"start":{"line":90,"column":4},"end":{"line":90,"column":null}},"41":{"start":{"line":93,"column":2},"end":{"line":93,"column":null}},"42":{"start":{"line":109,"column":2},"end":{"line":109,"column":null}},"43":{"start":{"line":114,"column":56},"end":{"line":114,"column":null}},"44":{"start":{"line":117,"column":16},"end":{"line":117,"column":null}},"45":{"start":{"line":120,"column":19},"end":{"line":127,"column":null}},"46":{"start":{"line":129,"column":2},"end":{"line":131,"column":null}},"47":{"start":{"line":130,"column":4},"end":{"line":130,"column":null}},"48":{"start":{"line":133,"column":32},"end":{"line":133,"column":null}},"49":{"start":{"line":137,"column":36},"end":{"line":142,"column":null}},"50":{"start":{"line":138,"column":42},"end":{"line":138,"column":46}},"51":{"start":{"line":140,"column":6},"end":{"line":140,"column":null}},"52":{"start":{"line":141,"column":18},"end":{"line":141,"column":22}},"53":{"start":{"line":144,"column":25},"end":{"line":155,"column":null}},"54":{"start":{"line":157,"column":2},"end":{"line":157,"column":null}}},"fnMap":{"0":{"name":"averageStats","decl":{"start":{"line":8,"column":16},"end":{"line":8,"column":29}},"loc":{"start":{"line":8,"column":77},"end":{"line":17,"column":null}},"line":8},"1":{"name":"areTypesCompatible","decl":{"start":{"line":19,"column":16},"end":{"line":19,"column":35}},"loc":{"start":{"line":19,"column":68},"end":{"line":24,"column":null}},"line":19},"2":{"name":"(anonymous_2)","decl":{"start":{"line":23,"column":22},"end":{"line":23,"column":23}},"loc":{"start":{"line":23,"column":32},"end":{"line":23,"column":48}},"line":23},"3":{"name":"parseAIResponse","decl":{"start":{"line":27,"column":16},"end":{"line":27,"column":null}},"loc":{"start":{"line":31,"column":41},"end":{"line":73,"column":null}},"line":31},"4":{"name":"(anonymous_4)","decl":{"start":{"line":32,"column":43},"end":{"line":32,"column":44}},"loc":{"start":{"line":32,"column":50},"end":{"line":32,"column":58}},"line":32},"5":{"name":"toParent","decl":{"start":{"line":75,"column":9},"end":{"line":75,"column":18}},"loc":{"start":{"line":75,"column":44},"end":{"line":77,"column":null}},"line":75},"6":{"name":"selectRandomPair","decl":{"start":{"line":80,"column":16},"end":{"line":80,"column":65}},"loc":{"start":{"line":80,"column":65},"end":{"line":94,"column":null}},"line":80},"7":{"name":"extractError","decl":{"start":{"line":108,"column":9},"end":{"line":108,"column":22}},"loc":{"start":{"line":108,"column":56},"end":{"line":110,"column":null}},"line":108},"8":{"name":"generateFusion","decl":{"start":{"line":113,"column":22},"end":{"line":113,"column":37}},"loc":{"start":{"line":113,"column":91},"end":{"line":158,"column":null}},"line":113},"9":{"name":"(anonymous_9)","decl":{"start":{"line":138,"column":36},"end":{"line":138,"column":42}},"loc":{"start":{"line":138,"column":42},"end":{"line":138,"column":46}},"line":138},"10":{"name":"(anonymous_10)","decl":{"start":{"line":139,"column":26},"end":{"line":139,"column":27}},"loc":{"start":{"line":140,"column":6},"end":{"line":140,"column":null}},"line":140},"11":{"name":"(anonymous_11)","decl":{"start":{"line":141,"column":12},"end":{"line":141,"column":18}},"loc":{"start":{"line":141,"column":18},"end":{"line":141,"column":22}},"line":141}},"branchMap":{"0":{"loc":{"start":{"line":20,"column":2},"end":{"line":20,"column":null}},"type":"if","locations":[{"start":{"line":20,"column":2},"end":{"line":20,"column":null}},{"start":{},"end":{}}],"line":20},"1":{"loc":{"start":{"line":43,"column":4},"end":{"line":46,"column":null}},"type":"if","locations":[{"start":{"line":43,"column":4},"end":{"line":46,"column":null}},{"start":{},"end":{}}],"line":43},"2":{"loc":{"start":{"line":43,"column":8},"end":{"line":43,"column":28}},"type":"binary-expr","locations":[{"start":{"line":43,"column":8},"end":{"line":43,"column":21}},{"start":{"line":43,"column":21},"end":{"line":43,"column":28}}],"line":43},"3":{"loc":{"start":{"line":51,"column":4},"end":{"line":54,"column":null}},"type":"if","locations":[{"start":{"line":51,"column":4},"end":{"line":54,"column":null}},{"start":{},"end":{}}],"line":51},"4":{"loc":{"start":{"line":52,"column":22},"end":{"line":52,"column":48}},"type":"cond-expr","locations":[{"start":{"line":52,"column":36},"end":{"line":52,"column":42}},{"start":{"line":52,"column":42},"end":{"line":52,"column":48}}],"line":52},"5":{"loc":{"start":{"line":56,"column":4},"end":{"line":58,"column":null}},"type":"if","locations":[{"start":{"line":56,"column":4},"end":{"line":58,"column":null}},{"start":{},"end":{}}],"line":56},"6":{"loc":{"start":{"line":56,"column":8},"end":{"line":56,"column":28}},"type":"binary-expr","locations":[{"start":{"line":56,"column":8},"end":{"line":56,"column":16}},{"start":{"line":56,"column":16},"end":{"line":56,"column":28}}],"line":56},"7":{"loc":{"start":{"line":57,"column":22},"end":{"line":57,"column":48}},"type":"cond-expr","locations":[{"start":{"line":57,"column":36},"end":{"line":57,"column":42}},{"start":{"line":57,"column":42},"end":{"line":57,"column":48}}],"line":57},"8":{"loc":{"start":{"line":62,"column":2},"end":{"line":66,"column":null}},"type":"if","locations":[{"start":{"line":62,"column":2},"end":{"line":66,"column":null}},{"start":{},"end":{}}],"line":62},"9":{"loc":{"start":{"line":68,"column":2},"end":{"line":70,"column":null}},"type":"if","locations":[{"start":{"line":68,"column":2},"end":{"line":70,"column":null}},{"start":{},"end":{}}],"line":68},"10":{"loc":{"start":{"line":86,"column":4},"end":{"line":86,"column":null}},"type":"if","locations":[{"start":{"line":86,"column":4},"end":{"line":86,"column":null}},{"start":{},"end":{}}],"line":86},"11":{"loc":{"start":{"line":87,"column":4},"end":{"line":89,"column":null}},"type":"if","locations":[{"start":{"line":87,"column":4},"end":{"line":89,"column":null}},{"start":{},"end":{}}],"line":87},"12":{"loc":{"start":{"line":129,"column":2},"end":{"line":131,"column":null}},"type":"if","locations":[{"start":{"line":129,"column":2},"end":{"line":131,"column":null}},{"start":{},"end":{}}],"line":129},"13":{"loc":{"start":{"line":140,"column":6},"end":{"line":140,"column":null}},"type":"cond-expr","locations":[{"start":{"line":140,"column":14},"end":{"line":140,"column":91}},{"start":{"line":140,"column":91},"end":{"line":140,"column":null}}],"line":140},"14":{"loc":{"start":{"line":151,"column":17},"end":{"line":151,"column":null}},"type":"binary-expr","locations":[{"start":{"line":151,"column":17},"end":{"line":151,"column":39}},{"start":{"line":151,"column":39},"end":{"line":151,"column":null}}],"line":151},"15":{"loc":{"start":{"line":152,"column":16},"end":{"line":152,"column":null}},"type":"binary-expr","locations":[{"start":{"line":152,"column":16},"end":{"line":152,"column":30}},{"start":{"line":152,"column":30},"end":{"line":152,"column":null}}],"line":152}},"s":{"0":9,"1":8,"2":4,"3":4,"4":4,"5":4,"6":6,"7":9,"8":16,"9":9,"10":9,"11":9,"12":15,"13":15,"14":15,"15":7,"16":7,"17":8,"18":8,"19":5,"20":5,"21":3,"22":2,"23":9,"24":2,"25":2,"26":2,"27":9,"28":3,"29":9,"30":6,"31":2,"32":2,"33":2,"34":2,"35":2,"36":2,"37":0,"38":2,"39":2,"40":0,"41":0,"42":0,"43":5,"44":5,"45":5,"46":5,"47":2,"48":3,"49":3,"50":1,"51":3,"52":0,"53":3,"54":5},"f":{"0":9,"1":8,"2":6,"3":9,"4":16,"5":6,"6":2,"7":0,"8":5,"9":1,"10":3,"11":0},"b":{"0":[4,4],"1":[7,8],"2":[15,7],"3":[5,3],"4":[0,5],"5":[2,1],"6":[3,2],"7":[1,1],"8":[2,7],"9":[3,6],"10":[0,2],"11":[2,0],"12":[2,3],"13":[1,2],"14":[3,2],"15":[5,1]},"meta":{"lastBranch":16,"lastFunction":12,"lastStatement":55,"seen":{"f:8:16:8:29":0,"s:9:2:16:Infinity":0,"f:19:16:19:35":1,"b:20:2:20:Infinity:undefined:undefined:undefined:undefined":0,"s:20:2:20:Infinity":1,"s:20:41:20:Infinity":2,"s:21:18:21:Infinity":3,"s:22:18:22:Infinity":4,"s:23:2:23:Infinity":5,"f:23:22:23:23":2,"s:23:32:23:48":6,"f:27:16:27:Infinity":3,"s:32:16:32:Infinity":7,"f:32:43:32:44":4,"s:32:50:32:58":8,"s:34:13:34:Infinity":9,"s:35:20:35:Infinity":10,"s:37:2:59:Infinity":11,"s:38:20:38:Infinity":12,"s:40:22:42:Infinity":13,"b:43:4:46:Infinity:undefined:undefined:undefined:undefined":1,"s:43:4:46:Infinity":14,"b:43:8:43:21:43:21:43:28":2,"s:44:6:44:Infinity":15,"s:45:6:45:Infinity":16,"s:48:22:50:Infinity":17,"b:51:4:54:Infinity:undefined:undefined:undefined:undefined":3,"s:51:4:54:Infinity":18,"s:52:6:52:Infinity":19,"b:52:36:52:42:52:42:52:48":4,"s:53:6:53:Infinity":20,"b:56:4:58:Infinity:undefined:undefined:undefined:undefined":5,"s:56:4:58:Infinity":21,"b:56:8:56:16:56:16:56:28":6,"s:57:6:57:Infinity":22,"b:57:36:57:42:57:42:57:48":7,"b:62:2:66:Infinity:undefined:undefined:undefined:undefined":8,"s:62:2:66:Infinity":23,"s:63:18:63:Infinity":24,"s:64:18:64:Infinity":25,"s:65:4:65:Infinity":26,"b:68:2:70:Infinity:undefined:undefined:undefined:undefined":9,"s:68:2:70:Infinity":27,"s:69:4:69:Infinity":28,"s:72:2:72:Infinity":29,"f:75:9:75:18":5,"s:76:2:76:Infinity":30,"f:80:16:80:65":6,"s:81:8:81:Infinity":31,"s:82:17:82:Infinity":32,"s:83:2:91:Infinity":33,"s:84:15:84:Infinity":34,"s:85:13:85:Infinity":35,"b:86:4:86:Infinity:undefined:undefined:undefined:undefined":10,"s:86:4:86:Infinity":36,"s:86:19:86:Infinity":37,"b:87:4:89:Infinity:undefined:undefined:undefined:undefined":11,"s:87:4:89:Infinity":38,"s:88:6:88:Infinity":39,"s:90:4:90:Infinity":40,"s:93:2:93:Infinity":41,"f:108:9:108:22":7,"s:109:2:109:Infinity":42,"f:113:22:113:37":8,"s:114:56:114:Infinity":43,"s:117:16:117:Infinity":44,"s:120:19:127:Infinity":45,"b:129:2:131:Infinity:undefined:undefined:undefined:undefined":12,"s:129:2:131:Infinity":46,"s:130:4:130:Infinity":47,"s:133:32:133:Infinity":48,"s:137:36:142:Infinity":49,"f:138:36:138:42":9,"s:138:42:138:46":50,"f:139:26:139:27":10,"s:140:6:140:Infinity":51,"b:140:14:140:91:140:91:140:Infinity":13,"f:141:12:141:18":11,"s:141:18:141:22":52,"s:144:25:155:Infinity":53,"b:151:17:151:39:151:39:151:Infinity":14,"b:152:16:152:30:152:30:152:Infinity":15,"s:157:2:157:Infinity":54}}}
,"C:\\GIT\\ai-bootcamp\\capstone\\src\\lib\\pokemon.ts": {"path":"C:\\GIT\\ai-bootcamp\\capstone\\src\\lib\\pokemon.ts","statementMap":{"0":{"start":{"line":4,"column":27},"end":{"line":4,"column":null}},"1":{"start":{"line":7,"column":2},"end":{"line":7,"column":null}},"2":{"start":{"line":11,"column":2},"end":{"line":11,"column":null}},"3":{"start":{"line":11,"column":29},"end":{"line":11,"column":40}},"4":{"start":{"line":15,"column":16},"end":{"line":15,"column":null}},"5":{"start":{"line":16,"column":2},"end":{"line":16,"column":null}},"6":{"start":{"line":16,"column":29},"end":{"line":16,"column":59}},"7":{"start":{"line":20,"column":16},"end":{"line":20,"column":null}},"8":{"start":{"line":21,"column":2},"end":{"line":25,"column":null}},"9":{"start":{"line":22,"column":4},"end":{"line":24,"column":null}},"10":{"start":{"line":23,"column":6},"end":{"line":23,"column":null}},"11":{"start":{"line":26,"column":2},"end":{"line":26,"column":null}}},"fnMap":{"0":{"name":"getAll","decl":{"start":{"line":6,"column":16},"end":{"line":6,"column":36}},"loc":{"start":{"line":6,"column":36},"end":{"line":8,"column":null}},"line":6},"1":{"name":"getById","decl":{"start":{"line":10,"column":16},"end":{"line":10,"column":24}},"loc":{"start":{"line":10,"column":57},"end":{"line":12,"column":null}},"line":10},"2":{"name":"(anonymous_2)","decl":{"start":{"line":11,"column":22},"end":{"line":11,"column":23}},"loc":{"start":{"line":11,"column":29},"end":{"line":11,"column":40}},"line":11},"3":{"name":"getByName","decl":{"start":{"line":14,"column":16},"end":{"line":14,"column":26}},"loc":{"start":{"line":14,"column":61},"end":{"line":17,"column":null}},"line":14},"4":{"name":"(anonymous_4)","decl":{"start":{"line":16,"column":22},"end":{"line":16,"column":23}},"loc":{"start":{"line":16,"column":29},"end":{"line":16,"column":59}},"line":16},"5":{"name":"getTypes","decl":{"start":{"line":19,"column":16},"end":{"line":19,"column":37}},"loc":{"start":{"line":19,"column":37},"end":{"line":27,"column":null}},"line":19}},"branchMap":{},"s":{"0":3,"1":4,"2":2,"3":810,"4":3,"5":3,"6":811,"7":2,"8":2,"9":1618,"10":2428,"11":2},"f":{"0":4,"1":2,"2":810,"3":3,"4":811,"5":2},"b":{},"meta":{"lastBranch":0,"lastFunction":6,"lastStatement":12,"seen":{"s:4:27:4:Infinity":0,"f:6:16:6:36":0,"s:7:2:7:Infinity":1,"f:10:16:10:24":1,"s:11:2:11:Infinity":2,"f:11:22:11:23":2,"s:11:29:11:40":3,"f:14:16:14:26":3,"s:15:16:15:Infinity":4,"s:16:2:16:Infinity":5,"f:16:22:16:23":4,"s:16:29:16:59":6,"f:19:16:19:37":5,"s:20:16:20:Infinity":7,"s:21:2:25:Infinity":8,"s:22:4:24:Infinity":9,"s:23:6:23:Infinity":10,"s:26:2:26:Infinity":11}}}
,"C:\\GIT\\ai-bootcamp\\capstone\\src\\lib\\sanitize.ts": {"path":"C:\\GIT\\ai-bootcamp\\capstone\\src\\lib\\sanitize.ts","statementMap":{"0":{"start":{"line":3,"column":21},"end":{"line":3,"column":null}},"1":{"start":{"line":6,"column":2},"end":{"line":9,"column":null}}},"fnMap":{"0":{"name":"sanitize","decl":{"start":{"line":5,"column":16},"end":{"line":5,"column":25}},"loc":{"start":{"line":5,"column":48},"end":{"line":10,"column":null}},"line":5}},"branchMap":{},"s":{"0":1,"1":9},"f":{"0":9},"b":{},"meta":{"lastBranch":0,"lastFunction":1,"lastStatement":2,"seen":{"s:3:21:3:Infinity":0,"f:5:16:5:25":0,"s:6:2:9:Infinity":1}}}
,"C:\\GIT\\ai-bootcamp\\capstone\\src\\services\\db.ts": {"path":"C:\\GIT\\ai-bootcamp\\capstone\\src\\services\\db.ts","statementMap":{"0":{"start":{"line":4,"column":20},"end":{"line":4,"column":null}},"1":{"start":{"line":5,"column":20},"end":{"line":5,"column":null}},"2":{"start":{"line":7,"column":17},"end":{"line":7,"column":null}},"3":{"start":{"line":35,"column":2},"end":{"line":46,"column":null}},"4":{"start":{"line":50,"column":2},"end":{"line":61,"column":null}},"5":{"start":{"line":65,"column":2},"end":{"line":69,"column":null}},"6":{"start":{"line":66,"column":4},"end":{"line":66,"column":null}},"7":{"start":{"line":68,"column":4},"end":{"line":68,"column":null}},"8":{"start":{"line":73,"column":2},"end":{"line":73,"column":null}},"9":{"start":{"line":73,"column":17},"end":{"line":73,"column":null}},"10":{"start":{"line":75,"column":2},"end":{"line":83,"column":null}},"11":{"start":{"line":76,"column":28},"end":{"line":79,"column":null}},"12":{"start":{"line":81,"column":4},"end":{"line":81,"column":null}},"13":{"start":{"line":81,"column":15},"end":{"line":81,"column":null}},"14":{"start":{"line":82,"column":4},"end":{"line":82,"column":null}},"15":{"start":{"line":87,"column":2},"end":{"line":87,"column":null}},"16":{"start":{"line":87,"column":17},"end":{"line":87,"column":null}},"17":{"start":{"line":89,"column":2},"end":{"line":94,"column":null}},"18":{"start":{"line":90,"column":22},"end":{"line":90,"column":null}},"19":{"start":{"line":92,"column":4},"end":{"line":92,"column":null}},"20":{"start":{"line":92,"column":15},"end":{"line":92,"column":null}},"21":{"start":{"line":93,"column":4},"end":{"line":93,"column":null}},"22":{"start":{"line":98,"column":2},"end":{"line":98,"column":null}},"23":{"start":{"line":98,"column":17},"end":{"line":98,"column":null}},"24":{"start":{"line":100,"column":2},"end":{"line":105,"column":null}},"25":{"start":{"line":101,"column":22},"end":{"line":101,"column":null}},"26":{"start":{"line":103,"column":4},"end":{"line":103,"column":null}},"27":{"start":{"line":103,"column":15},"end":{"line":103,"column":null}},"28":{"start":{"line":104,"column":4},"end":{"line":104,"column":null}}},"fnMap":{"0":{"name":"rowToFusion","decl":{"start":{"line":34,"column":9},"end":{"line":34,"column":21}},"loc":{"start":{"line":34,"column":45},"end":{"line":47,"column":null}},"line":34},"1":{"name":"fusionToRow","decl":{"start":{"line":49,"column":9},"end":{"line":49,"column":21}},"loc":{"start":{"line":49,"column":37},"end":{"line":62,"column":null}},"line":49},"2":{"name":"withRetry","decl":{"start":{"line":64,"column":15},"end":{"line":64,"column":28}},"loc":{"start":{"line":64,"column":62},"end":{"line":70,"column":null}},"line":64},"3":{"name":"listFusions","decl":{"start":{"line":72,"column":22},"end":{"line":72,"column":67}},"loc":{"start":{"line":72,"column":67},"end":{"line":84,"column":null}},"line":72},"4":{"name":"(anonymous_4)","decl":{"start":{"line":75,"column":19},"end":{"line":75,"column":31}},"loc":{"start":{"line":75,"column":31},"end":{"line":83,"column":3}},"line":75},"5":{"name":"saveFusion","decl":{"start":{"line":86,"column":22},"end":{"line":86,"column":33}},"loc":{"start":{"line":86,"column":76},"end":{"line":95,"column":null}},"line":86},"6":{"name":"(anonymous_6)","decl":{"start":{"line":89,"column":19},"end":{"line":89,"column":31}},"loc":{"start":{"line":89,"column":31},"end":{"line":94,"column":3}},"line":89},"7":{"name":"deleteFusion","decl":{"start":{"line":97,"column":22},"end":{"line":97,"column":35}},"loc":{"start":{"line":97,"column":74},"end":{"line":106,"column":null}},"line":97},"8":{"name":"(anonymous_8)","decl":{"start":{"line":100,"column":19},"end":{"line":100,"column":31}},"loc":{"start":{"line":100,"column":31},"end":{"line":105,"column":3}},"line":100}},"branchMap":{"0":{"loc":{"start":{"line":7,"column":17},"end":{"line":7,"column":null}},"type":"cond-expr","locations":[{"start":{"line":7,"column":32},"end":{"line":7,"column":87}},{"start":{"line":7,"column":87},"end":{"line":7,"column":null}}],"line":7},"1":{"loc":{"start":{"line":7,"column":17},"end":{"line":7,"column":46}},"type":"binary-expr","locations":[{"start":{"line":7,"column":17},"end":{"line":7,"column":32}},{"start":{"line":7,"column":32},"end":{"line":7,"column":46}}],"line":7},"2":{"loc":{"start":{"line":73,"column":2},"end":{"line":73,"column":null}},"type":"if","locations":[{"start":{"line":73,"column":2},"end":{"line":73,"column":null}},{"start":{},"end":{}}],"line":73},"3":{"loc":{"start":{"line":81,"column":4},"end":{"line":81,"column":null}},"type":"if","locations":[{"start":{"line":81,"column":4},"end":{"line":81,"column":null}},{"start":{},"end":{}}],"line":81},"4":{"loc":{"start":{"line":87,"column":2},"end":{"line":87,"column":null}},"type":"if","locations":[{"start":{"line":87,"column":2},"end":{"line":87,"column":null}},{"start":{},"end":{}}],"line":87},"5":{"loc":{"start":{"line":92,"column":4},"end":{"line":92,"column":null}},"type":"if","locations":[{"start":{"line":92,"column":4},"end":{"line":92,"column":null}},{"start":{},"end":{}}],"line":92},"6":{"loc":{"start":{"line":98,"column":2},"end":{"line":98,"column":null}},"type":"if","locations":[{"start":{"line":98,"column":2},"end":{"line":98,"column":null}},{"start":{},"end":{}}],"line":98},"7":{"loc":{"start":{"line":103,"column":4},"end":{"line":103,"column":null}},"type":"if","locations":[{"start":{"line":103,"column":4},"end":{"line":103,"column":null}},{"start":{},"end":{}}],"line":103}},"s":{"0":1,"1":1,"2":1,"3":1,"4":2,"5":6,"6":6,"7":0,"8":2,"9":0,"10":2,"11":2,"12":2,"13":1,"14":1,"15":2,"16":0,"17":2,"18":2,"19":2,"20":1,"21":1,"22":2,"23":0,"24":2,"25":2,"26":2,"27":1,"28":1},"f":{"0":1,"1":2,"2":6,"3":2,"4":2,"5":2,"6":2,"7":2,"8":2},"b":{"0":[1,0],"1":[1,1],"2":[0,2],"3":[1,1],"4":[0,2],"5":[1,1],"6":[0,2],"7":[1,1]},"meta":{"lastBranch":8,"lastFunction":9,"lastStatement":29,"seen":{"s:4:20:4:Infinity":0,"s:5:20:5:Infinity":1,"s:7:17:7:Infinity":2,"b:7:32:7:87:7:87:7:Infinity":0,"b:7:17:7:32:7:32:7:46":1,"f:34:9:34:21":0,"s:35:2:46:Infinity":3,"f:49:9:49:21":1,"s:50:2:61:Infinity":4,"f:64:15:64:28":2,"s:65:2:69:Infinity":5,"s:66:4:66:Infinity":6,"s:68:4:68:Infinity":7,"f:72:22:72:67":3,"b:73:2:73:Infinity:undefined:undefined:undefined:undefined":2,"s:73:2:73:Infinity":8,"s:73:17:73:Infinity":9,"s:75:2:83:Infinity":10,"f:75:19:75:31":4,"s:76:28:79:Infinity":11,"b:81:4:81:Infinity:undefined:undefined:undefined:undefined":3,"s:81:4:81:Infinity":12,"s:81:15:81:Infinity":13,"s:82:4:82:Infinity":14,"f:86:22:86:33":5,"b:87:2:87:Infinity:undefined:undefined:undefined:undefined":4,"s:87:2:87:Infinity":15,"s:87:17:87:Infinity":16,"s:89:2:94:Infinity":17,"f:89:19:89:31":6,"s:90:22:90:Infinity":18,"b:92:4:92:Infinity:undefined:undefined:undefined:undefined":5,"s:92:4:92:Infinity":19,"s:92:15:92:Infinity":20,"s:93:4:93:Infinity":21,"f:97:22:97:35":7,"b:98:2:98:Infinity:undefined:undefined:undefined:undefined":6,"s:98:2:98:Infinity":22,"s:98:17:98:Infinity":23,"s:100:2:105:Infinity":24,"f:100:19:100:31":8,"s:101:22:101:Infinity":25,"b:103:4:103:Infinity:undefined:undefined:undefined:undefined":7,"s:103:4:103:Infinity":26,"s:103:15:103:Infinity":27,"s:104:4:104:Infinity":28}}}
,"C:\\GIT\\ai-bootcamp\\capstone\\src\\services\\huggingface.ts": {"path":"C:\\GIT\\ai-bootcamp\\capstone\\src\\services\\huggingface.ts","statementMap":{"0":{"start":{"line":1,"column":20},"end":{"line":1,"column":null}},"1":{"start":{"line":2,"column":19},"end":{"line":2,"column":null}},"2":{"start":{"line":34,"column":15},"end":{"line":49,"column":null}},"3":{"start":{"line":51,"column":2},"end":{"line":105,"column":null}},"4":{"start":{"line":51,"column":21},"end":{"line":51,"column":24}},"5":{"start":{"line":53,"column":4},"end":{"line":68,"column":null}},"6":{"start":{"line":54,"column":25},"end":{"line":54,"column":null}},"7":{"start":{"line":55,"column":20},"end":{"line":55,"column":null}},"8":{"start":{"line":55,"column":37},"end":{"line":55,"column":57}},"9":{"start":{"line":56,"column":6},"end":{"line":64,"column":null}},"10":{"start":{"line":65,"column":6},"end":{"line":65,"column":null}},"11":{"start":{"line":67,"column":6},"end":{"line":67,"column":null}},"12":{"start":{"line":70,"column":4},"end":{"line":72,"column":null}},"13":{"start":{"line":71,"column":6},"end":{"line":71,"column":null}},"14":{"start":{"line":74,"column":4},"end":{"line":84,"column":null}},"15":{"start":{"line":75,"column":25},"end":{"line":75,"column":null}},"16":{"start":{"line":76,"column":26},"end":{"line":76,"column":null}},"17":{"start":{"line":77,"column":20},"end":{"line":77,"column":null}},"18":{"start":{"line":78,"column":6},"end":{"line":82,"column":null}},"19":{"start":{"line":79,"column":8},"end":{"line":79,"column":null}},"20":{"start":{"line":80,"column":6},"end":{"line":82,"column":null}},"21":{"start":{"line":81,"column":8},"end":{"line":81,"column":null}},"22":{"start":{"line":83,"column":6},"end":{"line":83,"column":null}},"23":{"start":{"line":86,"column":4},"end":{"line":88,"column":null}},"24":{"start":{"line":87,"column":6},"end":{"line":87,"column":null}},"25":{"start":{"line":91,"column":4},"end":{"line":96,"column":null}},"26":{"start":{"line":92,"column":6},"end":{"line":92,"column":null}},"27":{"start":{"line":94,"column":6},"end":{"line":94,"column":null}},"28":{"start":{"line":94,"column":25},"end":{"line":94,"column":null}},"29":{"start":{"line":95,"column":6},"end":{"line":95,"column":null}},"30":{"start":{"line":98,"column":20},"end":{"line":98,"column":null}},"31":{"start":{"line":99,"column":4},"end":{"line":102,"column":null}},"32":{"start":{"line":100,"column":6},"end":{"line":100,"column":null}},"33":{"start":{"line":100,"column":25},"end":{"line":100,"column":null}},"34":{"start":{"line":101,"column":6},"end":{"line":101,"column":null}},"35":{"start":{"line":104,"column":4},"end":{"line":104,"column":null}},"36":{"start":{"line":107,"column":2},"end":{"line":107,"column":null}}},"fnMap":{"0":{"name":"generateFusionText","decl":{"start":{"line":26,"column":22},"end":{"line":26,"column":null}},"loc":{"start":{"line":33,"column":21},"end":{"line":108,"column":null}},"line":33},"1":{"name":"(anonymous_1)","decl":{"start":{"line":55,"column":31},"end":{"line":55,"column":37}},"loc":{"start":{"line":55,"column":37},"end":{"line":55,"column":57}},"line":55}},"branchMap":{"0":{"loc":{"start":{"line":70,"column":4},"end":{"line":72,"column":null}},"type":"if","locations":[{"start":{"line":70,"column":4},"end":{"line":72,"column":null}},{"start":{},"end":{}}],"line":70},"1":{"loc":{"start":{"line":74,"column":4},"end":{"line":84,"column":null}},"type":"if","locations":[{"start":{"line":74,"column":4},"end":{"line":84,"column":null}},{"start":{},"end":{}}],"line":74},"2":{"loc":{"start":{"line":78,"column":6},"end":{"line":82,"column":null}},"type":"if","locations":[{"start":{"line":78,"column":6},"end":{"line":82,"column":null}},{"start":{"line":80,"column":6},"end":{"line":82,"column":null}}],"line":78},"3":{"loc":{"start":{"line":79,"column":18},"end":{"line":79,"column":null}},"type":"binary-expr","locations":[{"start":{"line":79,"column":18},"end":{"line":79,"column":46}},{"start":{"line":79,"column":46},"end":{"line":79,"column":null}}],"line":79},"4":{"loc":{"start":{"line":80,"column":6},"end":{"line":82,"column":null}},"type":"if","locations":[{"start":{"line":80,"column":6},"end":{"line":82,"column":null}},{"start":{},"end":{}}],"line":80},"5":{"loc":{"start":{"line":86,"column":4},"end":{"line":88,"column":null}},"type":"if","locations":[{"start":{"line":86,"column":4},"end":{"line":88,"column":null}},{"start":{},"end":{}}],"line":86},"6":{"loc":{"start":{"line":94,"column":6},"end":{"line":94,"column":null}},"type":"if","locations":[{"start":{"line":94,"column":6},"end":{"line":94,"column":null}},{"start":{},"end":{}}],"line":94},"7":{"loc":{"start":{"line":99,"column":4},"end":{"line":102,"column":null}},"type":"if","locations":[{"start":{"line":99,"column":4},"end":{"line":102,"column":null}},{"start":{},"end":{}}],"line":99},"8":{"loc":{"start":{"line":100,"column":6},"end":{"line":100,"column":null}},"type":"if","locations":[{"start":{"line":100,"column":6},"end":{"line":100,"column":null}},{"start":{},"end":{}}],"line":100}},"s":{"0":2,"1":2,"2":7,"3":7,"4":7,"5":8,"6":8,"7":8,"8":0,"9":8,"10":7,"11":1,"12":7,"13":1,"14":6,"15":1,"16":1,"17":1,"18":1,"19":1,"20":0,"21":0,"22":1,"23":5,"24":1,"25":4,"26":4,"27":0,"28":0,"29":0,"30":4,"31":8,"32":2,"33":1,"34":1,"35":2,"36":1},"f":{"0":7,"1":0},"b":{"0":[1,6],"1":[1,5],"2":[1,0],"3":[1,0],"4":[0,0],"5":[1,4],"6":[0,0],"7":[2,6],"8":[1,1]},"meta":{"lastBranch":9,"lastFunction":2,"lastStatement":37,"seen":{"s:1:20:1:Infinity":0,"s:2:19:2:Infinity":1,"f:26:22:26:Infinity":0,"s:34:15:49:Infinity":2,"s:51:2:105:Infinity":3,"s:51:21:51:24":4,"s:53:4:68:Infinity":5,"s:54:25:54:Infinity":6,"s:55:20:55:Infinity":7,"f:55:31:55:37":1,"s:55:37:55:57":8,"s:56:6:64:Infinity":9,"s:65:6:65:Infinity":10,"s:67:6:67:Infinity":11,"b:70:4:72:Infinity:undefined:undefined:undefined:undefined":0,"s:70:4:72:Infinity":12,"s:71:6:71:Infinity":13,"b:74:4:84:Infinity:undefined:undefined:undefined:undefined":1,"s:74:4:84:Infinity":14,"s:75:25:75:Infinity":15,"s:76:26:76:Infinity":16,"s:77:20:77:Infinity":17,"b:78:6:82:Infinity:80:6:82:Infinity":2,"s:78:6:82:Infinity":18,"s:79:8:79:Infinity":19,"b:79:18:79:46:79:46:79:Infinity":3,"b:80:6:82:Infinity:undefined:undefined:undefined:undefined":4,"s:80:6:82:Infinity":20,"s:81:8:81:Infinity":21,"s:83:6:83:Infinity":22,"b:86:4:88:Infinity:undefined:undefined:undefined:undefined":5,"s:86:4:88:Infinity":23,"s:87:6:87:Infinity":24,"s:91:4:96:Infinity":25,"s:92:6:92:Infinity":26,"b:94:6:94:Infinity:undefined:undefined:undefined:undefined":6,"s:94:6:94:Infinity":27,"s:94:25:94:Infinity":28,"s:95:6:95:Infinity":29,"s:98:20:98:Infinity":30,"b:99:4:102:Infinity:undefined:undefined:undefined:undefined":7,"s:99:4:102:Infinity":31,"b:100:6:100:Infinity:undefined:undefined:undefined:undefined":8,"s:100:6:100:Infinity":32,"s:100:25:100:Infinity":33,"s:101:6:101:Infinity":34,"s:104:4:104:Infinity":35,"s:107:2:107:Infinity":36}}}
,"C:\\GIT\\ai-bootcamp\\capstone\\src\\services\\pokeapi.ts": {"path":"C:\\GIT\\ai-bootcamp\\capstone\\src\\services\\pokeapi.ts","statementMap":{"0":{"start":{"line":1,"column":14},"end":{"line":1,"column":null}},"1":{"start":{"line":2,"column":19},"end":{"line":2,"column":null}},"2":{"start":{"line":5,"column":17},"end":{"line":5,"column":null}},"3":{"start":{"line":6,"column":2},"end":{"line":6,"column":null}},"4":{"start":{"line":6,"column":28},"end":{"line":6,"column":null}},"5":{"start":{"line":8,"column":2},"end":{"line":33,"column":null}},"6":{"start":{"line":9,"column":23},"end":{"line":9,"column":null}},"7":{"start":{"line":10,"column":18},"end":{"line":10,"column":null}},"8":{"start":{"line":10,"column":35},"end":{"line":10,"column":55}},"9":{"start":{"line":11,"column":21},"end":{"line":14,"column":null}},"10":{"start":{"line":15,"column":4},"end":{"line":15,"column":null}},"11":{"start":{"line":17,"column":4},"end":{"line":17,"column":null}},"12":{"start":{"line":17,"column":22},"end":{"line":17,"column":null}},"13":{"start":{"line":19,"column":17},"end":{"line":19,"column":null}},"14":{"start":{"line":20,"column":20},"end":{"line":22,"column":null}},"15":{"start":{"line":21,"column":45},"end":{"line":21,"column":null}},"16":{"start":{"line":25,"column":17},"end":{"line":27,"column":null}},"17":{"start":{"line":29,"column":4},"end":{"line":29,"column":null}},"18":{"start":{"line":29,"column":14},"end":{"line":29,"column":null}},"19":{"start":{"line":30,"column":4},"end":{"line":30,"column":null}},"20":{"start":{"line":32,"column":4},"end":{"line":32,"column":null}}},"fnMap":{"0":{"name":"getFlavorText","decl":{"start":{"line":4,"column":22},"end":{"line":4,"column":36}},"loc":{"start":{"line":4,"column":79},"end":{"line":34,"column":null}},"line":4},"1":{"name":"(anonymous_1)","decl":{"start":{"line":10,"column":29},"end":{"line":10,"column":35}},"loc":{"start":{"line":10,"column":35},"end":{"line":10,"column":55}},"line":10},"2":{"name":"(anonymous_2)","decl":{"start":{"line":21,"column":6},"end":{"line":21,"column":7}},"loc":{"start":{"line":21,"column":45},"end":{"line":21,"column":null}},"line":21}},"branchMap":{"0":{"loc":{"start":{"line":6,"column":2},"end":{"line":6,"column":null}},"type":"if","locations":[{"start":{"line":6,"column":2},"end":{"line":6,"column":null}},{"start":{},"end":{}}],"line":6},"1":{"loc":{"start":{"line":17,"column":4},"end":{"line":17,"column":null}},"type":"if","locations":[{"start":{"line":17,"column":4},"end":{"line":17,"column":null}},{"start":{},"end":{}}],"line":17},"2":{"loc":{"start":{"line":20,"column":20},"end":{"line":22,"column":null}},"type":"binary-expr","locations":[{"start":{"line":20,"column":20},"end":{"line":22,"column":9}},{"start":{"line":22,"column":9},"end":{"line":22,"column":null}}],"line":20},"3":{"loc":{"start":{"line":25,"column":17},"end":{"line":27,"column":null}},"type":"cond-expr","locations":[{"start":{"line":26,"column":8},"end":{"line":26,"column":null}},{"start":{"line":27,"column":8},"end":{"line":27,"column":null}}],"line":25},"4":{"loc":{"start":{"line":29,"column":4},"end":{"line":29,"column":null}},"type":"if","locations":[{"start":{"line":29,"column":4},"end":{"line":29,"column":null}},{"start":{},"end":{}}],"line":29}},"s":{"0":2,"1":2,"2":6,"3":6,"4":1,"5":5,"6":5,"7":5,"8":0,"9":5,"10":4,"11":4,"12":1,"13":3,"14":3,"15":6,"16":6,"17":6,"18":3,"19":3,"20":1},"f":{"0":6,"1":0,"2":6},"b":{"0":[1,5],"1":[1,3],"2":[3,0],"3":[3,0],"4":[3,3]},"meta":{"lastBranch":5,"lastFunction":3,"lastStatement":21,"seen":{"s:1:14:1:Infinity":0,"s:2:19:2:Infinity":1,"f:4:22:4:36":0,"s:5:17:5:Infinity":2,"b:6:2:6:Infinity:undefined:undefined:undefined:undefined":0,"s:6:2:6:Infinity":3,"s:6:28:6:Infinity":4,"s:8:2:33:Infinity":5,"s:9:23:9:Infinity":6,"s:10:18:10:Infinity":7,"f:10:29:10:35":1,"s:10:35:10:55":8,"s:11:21:14:Infinity":9,"s:15:4:15:Infinity":10,"b:17:4:17:Infinity:undefined:undefined:undefined:undefined":1,"s:17:4:17:Infinity":11,"s:17:22:17:Infinity":12,"s:19:17:19:Infinity":13,"s:20:20:22:Infinity":14,"b:20:20:22:9:22:9:22:Infinity":2,"f:21:6:21:7":2,"s:21:45:21:Infinity":15,"s:25:17:27:Infinity":16,"b:26:8:26:Infinity:27:8:27:Infinity":3,"b:29:4:29:Infinity:undefined:undefined:undefined:undefined":4,"s:29:4:29:Infinity":17,"s:29:14:29:Infinity":18,"s:30:4:30:Infinity":19,"s:32:4:32:Infinity":20}}}
,"C:\\GIT\\ai-bootcamp\\capstone\\src\\services\\stablediffusion.ts": {"path":"C:\\GIT\\ai-bootcamp\\capstone\\src\\services\\stablediffusion.ts","statementMap":{"0":{"start":{"line":1,"column":25},"end":{"line":1,"column":null}},"1":{"start":{"line":2,"column":26},"end":{"line":2,"column":null}},"2":{"start":{"line":3,"column":28},"end":{"line":3,"column":null}},"3":{"start":{"line":6,"column":2},"end":{"line":6,"column":null}},"4":{"start":{"line":10,"column":2},"end":{"line":18,"column":null}},"5":{"start":{"line":11,"column":23},"end":{"line":11,"column":null}},"6":{"start":{"line":12,"column":18},"end":{"line":12,"column":null}},"7":{"start":{"line":12,"column":35},"end":{"line":12,"column":55}},"8":{"start":{"line":13,"column":21},"end":{"line":13,"column":null}},"9":{"start":{"line":14,"column":4},"end":{"line":14,"column":null}},"10":{"start":{"line":15,"column":4},"end":{"line":15,"column":null}},"11":{"start":{"line":17,"column":4},"end":{"line":17,"column":null}},"12":{"start":{"line":27,"column":2},"end":{"line":52,"column":null}},"13":{"start":{"line":28,"column":23},"end":{"line":28,"column":null}},"14":{"start":{"line":29,"column":18},"end":{"line":29,"column":null}},"15":{"start":{"line":29,"column":35},"end":{"line":29,"column":55}},"16":{"start":{"line":30,"column":21},"end":{"line":43,"column":null}},"17":{"start":{"line":44,"column":4},"end":{"line":44,"column":null}},"18":{"start":{"line":46,"column":4},"end":{"line":46,"column":null}},"19":{"start":{"line":46,"column":22},"end":{"line":46,"column":null}},"20":{"start":{"line":48,"column":35},"end":{"line":48,"column":null}},"21":{"start":{"line":49,"column":4},"end":{"line":49,"column":null}},"22":{"start":{"line":51,"column":4},"end":{"line":51,"column":null}}},"fnMap":{"0":{"name":"getBaseUrl","decl":{"start":{"line":5,"column":9},"end":{"line":5,"column":30}},"loc":{"start":{"line":5,"column":30},"end":{"line":7,"column":null}},"line":5},"1":{"name":"isAvailable","decl":{"start":{"line":9,"column":22},"end":{"line":9,"column":54}},"loc":{"start":{"line":9,"column":54},"end":{"line":19,"column":null}},"line":9},"2":{"name":"(anonymous_2)","decl":{"start":{"line":12,"column":29},"end":{"line":12,"column":35}},"loc":{"start":{"line":12,"column":35},"end":{"line":12,"column":55}},"line":12},"3":{"name":"generateImage","decl":{"start":{"line":26,"column":22},"end":{"line":26,"column":36}},"loc":{"start":{"line":26,"column":86},"end":{"line":53,"column":null}},"line":26},"4":{"name":"(anonymous_4)","decl":{"start":{"line":29,"column":29},"end":{"line":29,"column":35}},"loc":{"start":{"line":29,"column":35},"end":{"line":29,"column":55}},"line":29}},"branchMap":{"0":{"loc":{"start":{"line":6,"column":9},"end":{"line":6,"column":null}},"type":"binary-expr","locations":[{"start":{"line":6,"column":9},"end":{"line":6,"column":44}},{"start":{"line":6,"column":44},"end":{"line":6,"column":null}}],"line":6},"1":{"loc":{"start":{"line":46,"column":4},"end":{"line":46,"column":null}},"type":"if","locations":[{"start":{"line":46,"column":4},"end":{"line":46,"column":null}},{"start":{},"end":{}}],"line":46}},"s":{"0":2,"1":2,"2":2,"3":6,"4":3,"5":3,"6":3,"7":0,"8":3,"9":2,"10":2,"11":1,"12":3,"13":3,"14":3,"15":0,"16":3,"17":2,"18":2,"19":2,"20":1,"21":1,"22":1},"f":{"0":6,"1":3,"2":0,"3":3,"4":0},"b":{"0":[6,6],"1":[1,1]},"meta":{"lastBranch":2,"lastFunction":5,"lastStatement":23,"seen":{"s:1:25:1:Infinity":0,"s:2:26:2:Infinity":1,"s:3:28:3:Infinity":2,"f:5:9:5:30":0,"s:6:2:6:Infinity":3,"b:6:9:6:44:6:44:6:Infinity":0,"f:9:22:9:54":1,"s:10:2:18:Infinity":4,"s:11:23:11:Infinity":5,"s:12:18:12:Infinity":6,"f:12:29:12:35":2,"s:12:35:12:55":7,"s:13:21:13:Infinity":8,"s:14:4:14:Infinity":9,"s:15:4:15:Infinity":10,"s:17:4:17:Infinity":11,"f:26:22:26:36":3,"s:27:2:52:Infinity":12,"s:28:23:28:Infinity":13,"s:29:18:29:Infinity":14,"f:29:29:29:35":4,"s:29:35:29:55":15,"s:30:21:43:Infinity":16,"s:44:4:44:Infinity":17,"b:46:4:46:Infinity:undefined:undefined:undefined:undefined":1,"s:46:4:46:Infinity":18,"s:46:22:46:Infinity":19,"s:48:35:48:Infinity":20,"s:49:4:49:Infinity":21,"s:51:4:51:Infinity":22}}}
}
